# JRE version: OpenJDK Runtime Environment (21.0.8) (build 21.0.8+-14196175-b1038.72)
# Java VM: OpenJDK 64-Bit Server VM (21.0.8+-14196175-b1038.72, mixed mode, tiered, compressed oops, compressed class ptrs, g1 gc, windows-amd64)
GC Precious Log:
 CardTable entry size: 512
 Card Set container configuration: InlinePtr #cards 4 size 8 Array Of Cards #cards 32 size 80 Howl #buckets 8 coarsen threshold 7372 Howl Bitmap #cards 1024 size 144 coarsen threshold 921 Card regions per heap region 1 cards per card region 8192
 CPUs: 12 total, 12 available
 Memory: 7913M
 Large Page Support: Disabled
 NUMA Support: Disabled
 Compressed Oops: Enabled (Zero based)
 Heap Region Size: 4M
 Heap Min Capacity: 8M
 Heap Initial Capacity: 124M
 Heap Max Capacity: 8G
 Pre-touch: Disabled
 Parallel Workers: 10
 Concurrent Workers: 3
 Concurrent Refinement Workers: 10
 Periodic GC: Disabled
Heap:
 garbage-first heap   total 630784K, used 388245K [0x0000000600000000, 0x0000000800000000)
  region size 4096K, 6 young (24576K), 6 survivors (24576K)
 Metaspace       used 163621K, committed 166208K, reserved 1245184K
  class space    used 22818K, committed 24064K, reserved 1048576K
GC Heap History (20 events):
Event: 37.522 GC heap after
{Heap after GC invocations=50 (full 0):
 garbage-first heap   total 385024K, used 214659K [0x0000000600000000, 0x0000000800000000)
  region size 4096K, 4 young (16384K), 4 survivors (16384K)
 Metaspace       used 137746K, committed 140160K, reserved 1179648K
  class space    used 19099K, committed 20288K, reserved 1048576K
}
Event: 39.274 GC heap before
{Heap before GC invocations=51 (full 0):
 garbage-first heap   total 385024K, used 329347K [0x0000000600000000, 0x0000000800000000)
  region size 4096K, 33 young (135168K), 4 survivors (16384K)
 Metaspace       used 139100K, committed 141504K, reserved 1179648K
  class space    used 19269K, committed 20480K, reserved 1048576K
}
Event: 39.283 GC heap after
{Heap after GC invocations=52 (full 0):
 garbage-first heap   total 385024K, used 221693K [0x0000000600000000, 0x0000000800000000)
  region size 4096K, 3 young (12288K), 3 survivors (12288K)
 Metaspace       used 139100K, committed 141504K, reserved 1179648K
  class space    used 19269K, committed 20480K, reserved 1048576K
}
Event: 40.345 GC heap before
{Heap before GC invocations=52 (full 0):
 garbage-first heap   total 385024K, used 336381K [0x0000000600000000, 0x0000000800000000)
  region size 4096K, 32 young (131072K), 3 survivors (12288K)
 Metaspace       used 141983K, committed 144384K, reserved 1179648K
  class space    used 19587K, committed 20736K, reserved 1048576K
}
Event: 40.359 GC heap after
{Heap after GC invocations=53 (full 0):
 garbage-first heap   total 385024K, used 225895K [0x0000000600000000, 0x0000000800000000)
  region size 4096K, 4 young (16384K), 4 survivors (16384K)
 Metaspace       used 141983K, committed 144384K, reserved 1179648K
  class space    used 19587K, committed 20736K, reserved 1048576K
}
Event: 41.141 GC heap before
{Heap before GC invocations=53 (full 0):
 garbage-first heap   total 385024K, used 336487K [0x0000000600000000, 0x0000000800000000)
  region size 4096K, 32 young (131072K), 4 survivors (16384K)
 Metaspace       used 143079K, committed 145600K, reserved 1179648K
  class space    used 19746K, committed 20992K, reserved 1048576K
}
Event: 41.156 GC heap after
{Heap after GC invocations=54 (full 0):
 garbage-first heap   total 385024K, used 235938K [0x0000000600000000, 0x0000000800000000)
  region size 4096K, 3 young (12288K), 3 survivors (12288K)
 Metaspace       used 143079K, committed 145600K, reserved 1179648K
  class space    used 19746K, committed 20992K, reserved 1048576K
}
Event: 42.451 GC heap before
{Heap before GC invocations=55 (full 0):
 garbage-first heap   total 405504K, used 354722K [0x0000000600000000, 0x0000000800000000)
  region size 4096K, 30 young (122880K), 3 survivors (12288K)
 Metaspace       used 149524K, committed 152064K, reserved 1179648K
  class space    used 20663K, committed 21888K, reserved 1048576K
}
Event: 42.465 GC heap after
{Heap after GC invocations=56 (full 0):
 garbage-first heap   total 405504K, used 272084K [0x0000000600000000, 0x0000000800000000)
  region size 4096K, 4 young (16384K), 4 survivors (16384K)
 Metaspace       used 149524K, committed 152064K, reserved 1179648K
  class space    used 20663K, committed 21888K, reserved 1048576K
}
Event: 43.064 GC heap before
{Heap before GC invocations=56 (full 0):
 garbage-first heap   total 405504K, used 358100K [0x0000000600000000, 0x0000000800000000)
  region size 4096K, 26 young (106496K), 4 survivors (16384K)
 Metaspace       used 154144K, committed 156672K, reserved 1245184K
  class space    used 21519K, committed 22784K, reserved 1048576K
}
Event: 43.095 GC heap after
{Heap after GC invocations=57 (full 0):
 garbage-first heap   total 499712K, used 293582K [0x0000000600000000, 0x0000000800000000)
  region size 4096K, 4 young (16384K), 4 survivors (16384K)
 Metaspace       used 154144K, committed 156672K, reserved 1245184K
  class space    used 21519K, committed 22784K, reserved 1048576K
}
Event: 43.486 GC heap before
{Heap before GC invocations=57 (full 0):
 garbage-first heap   total 499712K, used 424654K [0x0000000600000000, 0x0000000800000000)
  region size 4096K, 36 young (147456K), 4 survivors (16384K)
 Metaspace       used 154808K, committed 157376K, reserved 1245184K
  class space    used 21605K, committed 22848K, reserved 1048576K
}
Event: 43.533 GC heap after
{Heap after GC invocations=58 (full 0):
 garbage-first heap   total 507904K, used 357603K [0x0000000600000000, 0x0000000800000000)
  region size 4096K, 5 young (20480K), 5 survivors (20480K)
 Metaspace       used 154808K, committed 157376K, reserved 1245184K
  class space    used 21605K, committed 22848K, reserved 1048576K
}
Event: 44.535 GC heap before
{Heap before GC invocations=58 (full 0):
 garbage-first heap   total 507904K, used 431331K [0x0000000600000000, 0x0000000800000000)
  region size 4096K, 24 young (98304K), 5 survivors (20480K)
 Metaspace       used 159331K, committed 161856K, reserved 1245184K
  class space    used 22272K, committed 23488K, reserved 1048576K
}
Event: 44.563 GC heap after
{Heap after GC invocations=59 (full 0):
 garbage-first heap   total 507904K, used 369913K [0x0000000600000000, 0x0000000800000000)
  region size 4096K, 3 young (12288K), 3 survivors (12288K)
 Metaspace       used 159331K, committed 161856K, reserved 1245184K
  class space    used 22272K, committed 23488K, reserved 1048576K
}
Event: 45.844 GC heap before
{Heap before GC invocations=59 (full 0):
 garbage-first heap   total 507904K, used 443641K [0x0000000600000000, 0x0000000800000000)
  region size 4096K, 22 young (90112K), 3 survivors (12288K)
 Metaspace       used 161367K, committed 163904K, reserved 1245184K
  class space    used 22552K, committed 23808K, reserved 1048576K
}
Event: 45.892 GC heap after
{Heap after GC invocations=60 (full 0):
 garbage-first heap   total 507904K, used 376359K [0x0000000600000000, 0x0000000800000000)
  region size 4096K, 2 young (8192K), 2 survivors (8192K)
 Metaspace       used 161367K, committed 163904K, reserved 1245184K
  class space    used 22552K, committed 23808K, reserved 1048576K
}
Event: 49.066 GC heap before
{Heap before GC invocations=61 (full 0):
 garbage-first heap   total 630784K, used 445991K [0x0000000600000000, 0x0000000800000000)
  region size 4096K, 21 young (86016K), 2 survivors (8192K)
 Metaspace       used 162166K, committed 164672K, reserved 1245184K
  class space    used 22640K, committed 23872K, reserved 1048576K
}
Event: 49.077 GC heap after
{Heap after GC invocations=62 (full 0):
 garbage-first heap   total 630784K, used 379152K [0x0000000600000000, 0x0000000800000000)
  region size 4096K, 3 young (12288K), 3 survivors (12288K)
 Metaspace       used 162166K, committed 164672K, reserved 1245184K
  class space    used 22640K, committed 23872K, reserved 1048576K
}
Event: 50.426 GC heap before
{Heap before GC invocations=62 (full 0):
 garbage-first heap   total 630784K, used 563472K [0x0000000600000000, 0x0000000800000000)
  region size 4096K, 43 young (176128K), 3 survivors (12288K)
 Metaspace       used 163621K, committed 166208K, reserved 1245184K
  class space    used 22818K, committed 24064K, reserved 1048576K
}

