# JRE version: OpenJDK Runtime Environment (21.0.8) (build 21.0.8+-14196175-b1038.72)
# Java VM: OpenJDK 64-Bit Server VM (21.0.8+-14196175-b1038.72, mixed mode, tiered, compressed oops, compressed class ptrs, g1 gc, windows-amd64)
GC Precious Log:
 CardTable entry size: 512
 Card Set container configuration: InlinePtr #cards 4 size 8 Array Of Cards #cards 32 size 80 Howl #buckets 8 coarsen threshold 7372 Howl Bitmap #cards 1024 size 144 coarsen threshold 921 Card regions per heap region 1 cards per card region 8192
 CPUs: 12 total, 12 available
 Memory: 7913M
 Large Page Support: Disabled
 NUMA Support: Disabled
 Compressed Oops: Enabled (Zero based)
 Heap Region Size: 4M
 Heap Min Capacity: 8M
 Heap Initial Capacity: 124M
 Heap Max Capacity: 8G
 Pre-touch: Disabled
 Parallel Workers: 10
 Concurrent Workers: 3
 Concurrent Refinement Workers: 10
 Periodic GC: Disabled
Heap:
 garbage-first heap   total 1142784K, used 807268K [0x0000000600000000, 0x0000000800000000)
  region size 4096K, 111 young (454656K), 6 survivors (24576K)
 Metaspace       used 221892K, committed 224832K, reserved 1245184K
  class space    used 29550K, committed 31040K, reserved 1048576K
GC Heap History (20 events):
Event: 100.706 GC heap before
{Heap before GC invocations=62 (full 0):
 garbage-first heap   total 1142784K, used 911582K [0x0000000600000000, 0x0000000800000000)
  region size 4096K, 167 young (684032K), 9 survivors (36864K)
 Metaspace       used 153510K, committed 155968K, reserved 1245184K
  class space    used 21208K, committed 22400K, reserved 1048576K
}
Event: 100.776 GC heap after
{Heap after GC invocations=63 (full 0):
 garbage-first heap   total 1142784K, used 305440K [0x0000000600000000, 0x0000000800000000)
  region size 4096K, 18 young (73728K), 18 survivors (73728K)
 Metaspace       used 153510K, committed 155968K, reserved 1245184K
  class space    used 21208K, committed 22400K, reserved 1048576K
}
Event: 143.153 GC heap before
{Heap before GC invocations=63 (full 0):
 garbage-first heap   total 1142784K, used 911648K [0x0000000600000000, 0x0000000800000000)
  region size 4096K, 167 young (684032K), 18 survivors (73728K)
 Metaspace       used 161938K, committed 164480K, reserved 1245184K
  class space    used 22049K, committed 23296K, reserved 1048576K
}
Event: 143.796 GC heap after
{Heap after GC invocations=64 (full 0):
 garbage-first heap   total 1142784K, used 342090K [0x0000000600000000, 0x0000000800000000)
  region size 4096K, 19 young (77824K), 19 survivors (77824K)
 Metaspace       used 161938K, committed 164480K, reserved 1245184K
  class space    used 22049K, committed 23296K, reserved 1048576K
}
Event: 143.854 GC heap before
{Heap before GC invocations=64 (full 0):
 garbage-first heap   total 1142784K, used 346186K [0x0000000600000000, 0x0000000800000000)
  region size 4096K, 20 young (81920K), 19 survivors (77824K)
 Metaspace       used 161938K, committed 164480K, reserved 1245184K
  class space    used 22049K, committed 23296K, reserved 1048576K
}
Event: 143.939 GC heap after
{Heap after GC invocations=65 (full 0):
 garbage-first heap   total 1142784K, used 334293K [0x0000000600000000, 0x0000000800000000)
  region size 4096K, 2 young (8192K), 2 survivors (8192K)
 Metaspace       used 161938K, committed 164480K, reserved 1245184K
  class space    used 22049K, committed 23296K, reserved 1048576K
}
Event: 148.170 GC heap before
{Heap before GC invocations=65 (full 0):
 garbage-first heap   total 1142784K, used 702933K [0x0000000600000000, 0x0000000800000000)
  region size 4096K, 93 young (380928K), 2 survivors (8192K)
 Metaspace       used 169446K, committed 171904K, reserved 1245184K
  class space    used 22809K, committed 24000K, reserved 1048576K
}
Event: 148.202 GC heap after
{Heap after GC invocations=66 (full 0):
 garbage-first heap   total 1142784K, used 340628K [0x0000000600000000, 0x0000000800000000)
  region size 4096K, 4 young (16384K), 4 survivors (16384K)
 Metaspace       used 169446K, committed 171904K, reserved 1245184K
  class space    used 22809K, committed 24000K, reserved 1048576K
}
Event: 153.836 GC heap before
{Heap before GC invocations=66 (full 0):
 garbage-first heap   total 1142784K, used 803476K [0x0000000600000000, 0x0000000800000000)
  region size 4096K, 117 young (479232K), 4 survivors (16384K)
 Metaspace       used 176381K, committed 178944K, reserved 1245184K
  class space    used 23413K, committed 24640K, reserved 1048576K
}
Event: 153.873 GC heap after
{Heap after GC invocations=67 (full 0):
 garbage-first heap   total 1142784K, used 355257K [0x0000000600000000, 0x0000000800000000)
  region size 4096K, 6 young (24576K), 6 survivors (24576K)
 Metaspace       used 176381K, committed 178944K, reserved 1245184K
  class space    used 23413K, committed 24640K, reserved 1048576K
}
Event: 173.764 GC heap before
{Heap before GC invocations=67 (full 0):
 garbage-first heap   total 1142784K, used 904121K [0x0000000600000000, 0x0000000800000000)
  region size 4096K, 141 young (577536K), 6 survivors (24576K)
 Metaspace       used 195271K, committed 198016K, reserved 1245184K
  class space    used 25970K, committed 27328K, reserved 1048576K
}
Event: 174.017 GC heap after
{Heap after GC invocations=68 (full 0):
 garbage-first heap   total 1142784K, used 371646K [0x0000000600000000, 0x0000000800000000)
  region size 4096K, 10 young (40960K), 10 survivors (40960K)
 Metaspace       used 195271K, committed 198016K, reserved 1245184K
  class space    used 25970K, committed 27328K, reserved 1048576K
}
Event: 190.453 GC heap before
{Heap before GC invocations=68 (full 0):
 garbage-first heap   total 1142784K, used 543678K [0x0000000600000000, 0x0000000800000000)
  region size 4096K, 54 young (221184K), 10 survivors (40960K)
 Metaspace       used 210195K, committed 212992K, reserved 1245184K
  class space    used 28255K, committed 29632K, reserved 1048576K
}
Event: 191.947 GC heap after
{Heap after GC invocations=69 (full 0):
 garbage-first heap   total 1142784K, used 375571K [0x0000000600000000, 0x0000000800000000)
  region size 4096K, 3 young (12288K), 3 survivors (12288K)
 Metaspace       used 210195K, committed 212992K, reserved 1245184K
  class space    used 28255K, committed 29632K, reserved 1048576K
}
Event: 194.099 GC heap before
{Heap before GC invocations=69 (full 0):
 garbage-first heap   total 1142784K, used 437011K [0x0000000600000000, 0x0000000800000000)
  region size 4096K, 19 young (77824K), 3 survivors (12288K)
 Metaspace       used 210689K, committed 213504K, reserved 1245184K
  class space    used 28293K, committed 29632K, reserved 1048576K
}
Event: 194.108 GC heap after
{Heap after GC invocations=70 (full 0):
 garbage-first heap   total 1142784K, used 375743K [0x0000000600000000, 0x0000000800000000)
  region size 4096K, 3 young (12288K), 3 survivors (12288K)
 Metaspace       used 210689K, committed 213504K, reserved 1245184K
  class space    used 28293K, committed 29632K, reserved 1048576K
}
Event: 196.201 GC heap before
{Heap before GC invocations=70 (full 0):
 garbage-first heap   total 1142784K, used 523199K [0x0000000600000000, 0x0000000800000000)
  region size 4096K, 40 young (163840K), 3 survivors (12288K)
 Metaspace       used 210685K, committed 213504K, reserved 1245184K
  class space    used 28285K, committed 29632K, reserved 1048576K
}
Event: 196.209 GC heap after
{Heap after GC invocations=71 (full 0):
 garbage-first heap   total 1142784K, used 371481K [0x0000000600000000, 0x0000000800000000)
  region size 4096K, 3 young (12288K), 3 survivors (12288K)
 Metaspace       used 210685K, committed 213504K, reserved 1245184K
  class space    used 28285K, committed 29632K, reserved 1048576K
}
Event: 206.103 GC heap before
{Heap before GC invocations=72 (full 0):
 garbage-first heap   total 1142784K, used 604953K [0x0000000600000000, 0x0000000800000000)
  region size 4096K, 61 young (249856K), 3 survivors (12288K)
 Metaspace       used 213922K, committed 216768K, reserved 1245184K
  class space    used 28749K, committed 30144K, reserved 1048576K
}
Event: 206.182 GC heap after
{Heap after GC invocations=73 (full 0):
 garbage-first heap   total 1142784K, used 385380K [0x0000000600000000, 0x0000000800000000)
  region size 4096K, 6 young (24576K), 6 survivors (24576K)
 Metaspace       used 213922K, committed 216768K, reserved 1245184K
  class space    used 28749K, committed 30144K, reserved 1048576K
}

