# JRE version: OpenJDK Runtime Environment (21.0.8) (build 21.0.8+-14196175-b1038.72)
# Java VM: OpenJDK 64-Bit Server VM (21.0.8+-14196175-b1038.72, mixed mode, tiered, compressed oops, compressed class ptrs, g1 gc, windows-amd64)
GC Precious Log:
 CardTable entry size: 512
 Card Set container configuration: InlinePtr #cards 4 size 8 Array Of Cards #cards 32 size 80 Howl #buckets 8 coarsen threshold 7372 Howl Bitmap #cards 1024 size 144 coarsen threshold 921 Card regions per heap region 1 cards per card region 8192
 CPUs: 12 total, 12 available
 Memory: 7913M
 Large Page Support: Disabled
 NUMA Support: Disabled
 Compressed Oops: Enabled (Zero based)
 Heap Region Size: 4M
 Heap Min Capacity: 8M
 Heap Initial Capacity: 124M
 Heap Max Capacity: 8G
 Pre-touch: Disabled
 Parallel Workers: 10
 Concurrent Workers: 3
 Concurrent Refinement Workers: 10
 Periodic GC: Disabled
Heap:
 garbage-first heap   total 1044480K, used 870996K [0x0000000600000000, 0x0000000800000000)
  region size 4096K, 113 young (462848K), 5 survivors (20480K)
 Metaspace       used 191243K, committed 193920K, reserved 1245184K
  class space    used 26198K, committed 27520K, reserved 1048576K
GC Heap History (20 events):
Event: 64.563 GC heap before
{Heap before GC invocations=61 (full 0):
 garbage-first heap   total 466944K, used 380349K [0x0000000600000000, 0x0000000800000000)
  region size 4096K, 32 young (131072K), 5 survivors (20480K)
 Metaspace       used 167645K, committed 170304K, reserved 1245184K
  class space    used 22497K, committed 23744K, reserved 1048576K
}
Event: 64.577 GC heap after
{Heap after GC invocations=62 (full 0):
 garbage-first heap   total 466944K, used 277087K [0x0000000600000000, 0x0000000800000000)
  region size 4096K, 3 young (12288K), 3 survivors (12288K)
 Metaspace       used 167645K, committed 170304K, reserved 1245184K
  class space    used 22497K, committed 23744K, reserved 1048576K
}
Event: 65.466 GC heap before
{Heap before GC invocations=62 (full 0):
 garbage-first heap   total 466944K, used 424543K [0x0000000600000000, 0x0000000800000000)
  region size 4096K, 39 young (159744K), 3 survivors (12288K)
 Metaspace       used 171584K, committed 174208K, reserved 1245184K
  class space    used 23096K, committed 24384K, reserved 1048576K
}
Event: 65.485 GC heap after
{Heap after GC invocations=63 (full 0):
 garbage-first heap   total 466944K, used 291894K [0x0000000600000000, 0x0000000800000000)
  region size 4096K, 5 young (20480K), 5 survivors (20480K)
 Metaspace       used 171584K, committed 174208K, reserved 1245184K
  class space    used 23096K, committed 24384K, reserved 1048576K
}
Event: 65.584 GC heap before
{Heap before GC invocations=63 (full 0):
 garbage-first heap   total 466944K, used 328758K [0x0000000600000000, 0x0000000800000000)
  region size 4096K, 16 young (65536K), 5 survivors (20480K)
 Metaspace       used 172800K, committed 175424K, reserved 1245184K
  class space    used 23279K, committed 24576K, reserved 1048576K
}
Event: 65.600 GC heap after
{Heap after GC invocations=64 (full 0):
 garbage-first heap   total 466944K, used 309376K [0x0000000600000000, 0x0000000800000000)
  region size 4096K, 5 young (20480K), 5 survivors (20480K)
 Metaspace       used 172800K, committed 175424K, reserved 1245184K
  class space    used 23279K, committed 24576K, reserved 1048576K
}
Event: 66.303 GC heap before
{Heap before GC invocations=65 (full 0):
 garbage-first heap   total 540672K, used 411776K [0x0000000600000000, 0x0000000800000000)
  region size 4096K, 29 young (118784K), 5 survivors (20480K)
 Metaspace       used 176261K, committed 178880K, reserved 1245184K
  class space    used 23893K, committed 25152K, reserved 1048576K
}
Event: 66.323 GC heap after
{Heap after GC invocations=66 (full 0):
 garbage-first heap   total 540672K, used 333642K [0x0000000600000000, 0x0000000800000000)
  region size 4096K, 4 young (16384K), 4 survivors (16384K)
 Metaspace       used 176261K, committed 178880K, reserved 1245184K
  class space    used 23893K, committed 25152K, reserved 1048576K
}
Event: 66.922 GC heap before
{Heap before GC invocations=66 (full 0):
 garbage-first heap   total 540672K, used 472906K [0x0000000600000000, 0x0000000800000000)
  region size 4096K, 39 young (159744K), 4 survivors (16384K)
 Metaspace       used 183939K, committed 186560K, reserved 1245184K
  class space    used 25438K, committed 26688K, reserved 1048576K
}
Event: 66.959 GC heap after
{Heap after GC invocations=67 (full 0):
 garbage-first heap   total 651264K, used 347832K [0x0000000600000000, 0x0000000800000000)
  region size 4096K, 5 young (20480K), 5 survivors (20480K)
 Metaspace       used 183939K, committed 186560K, reserved 1245184K
  class space    used 25438K, committed 26688K, reserved 1048576K
}
Event: 67.556 GC heap before
{Heap before GC invocations=67 (full 0):
 garbage-first heap   total 651264K, used 564920K [0x0000000600000000, 0x0000000800000000)
  region size 4096K, 59 young (241664K), 5 survivors (20480K)
 Metaspace       used 187573K, committed 190208K, reserved 1245184K
  class space    used 25920K, committed 27200K, reserved 1048576K
}
Event: 67.602 GC heap after
{Heap after GC invocations=68 (full 0):
 garbage-first heap   total 651264K, used 399164K [0x0000000600000000, 0x0000000800000000)
  region size 4096K, 8 young (32768K), 8 survivors (32768K)
 Metaspace       used 187573K, committed 190208K, reserved 1245184K
  class space    used 25920K, committed 27200K, reserved 1048576K
}
Event: 68.169 GC heap before
{Heap before GC invocations=68 (full 0):
 garbage-first heap   total 651264K, used 558908K [0x0000000600000000, 0x0000000800000000)
  region size 4096K, 47 young (192512K), 8 survivors (32768K)
 Metaspace       used 188843K, committed 191488K, reserved 1245184K
  class space    used 26062K, committed 27328K, reserved 1048576K
}
Event: 68.186 GC heap after
{Heap after GC invocations=69 (full 0):
 garbage-first heap   total 651264K, used 408477K [0x0000000600000000, 0x0000000800000000)
  region size 4096K, 2 young (8192K), 2 survivors (8192K)
 Metaspace       used 188843K, committed 191488K, reserved 1245184K
  class space    used 26062K, committed 27328K, reserved 1048576K
}
Event: 68.660 GC heap before
{Heap before GC invocations=69 (full 0):
 garbage-first heap   total 651264K, used 572317K [0x0000000600000000, 0x0000000800000000)
  region size 4096K, 42 young (172032K), 2 survivors (8192K)
 Metaspace       used 189931K, committed 192576K, reserved 1245184K
  class space    used 26183K, committed 27456K, reserved 1048576K
}
Event: 68.669 GC heap after
{Heap after GC invocations=70 (full 0):
 garbage-first heap   total 651264K, used 412440K [0x0000000600000000, 0x0000000800000000)
  region size 4096K, 3 young (12288K), 3 survivors (12288K)
 Metaspace       used 189931K, committed 192576K, reserved 1245184K
  class space    used 26183K, committed 27456K, reserved 1048576K
}
Event: 69.421 GC heap before
{Heap before GC invocations=71 (full 0):
 garbage-first heap   total 692224K, used 572184K [0x0000000600000000, 0x0000000800000000)
  region size 4096K, 44 young (180224K), 3 survivors (12288K)
 Metaspace       used 190521K, committed 193280K, reserved 1245184K
  class space    used 26171K, committed 27520K, reserved 1048576K
}
Event: 69.431 GC heap after
{Heap after GC invocations=72 (full 0):
 garbage-first heap   total 692224K, used 411494K [0x0000000600000000, 0x0000000800000000)
  region size 4096K, 4 young (16384K), 4 survivors (16384K)
 Metaspace       used 190521K, committed 193280K, reserved 1245184K
  class space    used 26171K, committed 27520K, reserved 1048576K
}
Event: 70.513 GC heap before
{Heap before GC invocations=72 (full 0):
 garbage-first heap   total 692224K, used 616294K [0x0000000600000000, 0x0000000800000000)
  region size 4096K, 54 young (221184K), 4 survivors (16384K)
 Metaspace       used 190709K, committed 193472K, reserved 1245184K
  class space    used 26175K, committed 27520K, reserved 1048576K
}
Event: 70.552 GC heap after
{Heap after GC invocations=73 (full 0):
 garbage-first heap   total 1044480K, used 391764K [0x0000000600000000, 0x0000000800000000)
  region size 4096K, 5 young (20480K), 5 survivors (20480K)
 Metaspace       used 190709K, committed 193472K, reserved 1245184K
  class space    used 26175K, committed 27520K, reserved 1048576K
}

