# JRE version: OpenJDK Runtime Environment (21.0.8) (build 21.0.8+-14196175-b1038.72)
# Java VM: OpenJDK 64-Bit Server VM (21.0.8+-14196175-b1038.72, mixed mode, tiered, compressed oops, compressed class ptrs, g1 gc, windows-amd64)
GC Precious Log:
 CardTable entry size: 512
 Card Set container configuration: InlinePtr #cards 4 size 8 Array Of Cards #cards 32 size 80 Howl #buckets 8 coarsen threshold 7372 Howl Bitmap #cards 1024 size 144 coarsen threshold 921 Card regions per heap region 1 cards per card region 8192
 CPUs: 12 total, 12 available
 Memory: 7913M
 Large Page Support: Disabled
 NUMA Support: Disabled
 Compressed Oops: Enabled (Zero based)
 Heap Region Size: 4M
 Heap Min Capacity: 8M
 Heap Initial Capacity: 124M
 Heap Max Capacity: 8G
 Pre-touch: Disabled
 Parallel Workers: 10
 Concurrent Workers: 3
 Concurrent Refinement Workers: 10
 Periodic GC: Disabled
Heap:
 garbage-first heap   total 487424K, used 344315K [0x0000000600000000, 0x0000000800000000)
  region size 4096K, 15 young (61440K), 3 survivors (12288K)
 Metaspace       used 157088K, committed 159552K, reserved 1245184K
  class space    used 21235K, committed 22400K, reserved 1048576K
GC Heap History (20 events):
Event: 38.700 GC heap before
{Heap before GC invocations=59 (full 0):
 garbage-first heap   total 258048K, used 200619K [0x0000000600000000, 0x0000000800000000)
  region size 4096K, 15 young (61440K), 2 survivors (8192K)
 Metaspace       used 130233K, committed 132544K, reserved 1179648K
  class space    used 18295K, committed 19392K, reserved 1048576K
}
Event: 38.709 GC heap after
{Heap after GC invocations=60 (full 0):
 garbage-first heap   total 466944K, used 162083K [0x0000000600000000, 0x0000000800000000)
  region size 4096K, 3 young (12288K), 3 survivors (12288K)
 Metaspace       used 130233K, committed 132544K, reserved 1179648K
  class space    used 18295K, committed 19392K, reserved 1048576K
}
Event: 41.161 GC heap before
{Heap before GC invocations=60 (full 0):
 garbage-first heap   total 466944K, used 407843K [0x0000000600000000, 0x0000000800000000)
  region size 4096K, 63 young (258048K), 3 survivors (12288K)
 Metaspace       used 138175K, committed 140544K, reserved 1179648K
  class space    used 19352K, committed 20480K, reserved 1048576K
}
Event: 41.181 GC heap after
{Heap after GC invocations=61 (full 0):
 garbage-first heap   total 466944K, used 193492K [0x0000000600000000, 0x0000000800000000)
  region size 4096K, 8 young (32768K), 8 survivors (32768K)
 Metaspace       used 138175K, committed 140544K, reserved 1179648K
  class space    used 19352K, committed 20480K, reserved 1048576K
}
Event: 56.941 GC heap before
{Heap before GC invocations=61 (full 0):
 garbage-first heap   total 466944K, used 377812K [0x0000000600000000, 0x0000000800000000)
  region size 4096K, 53 young (217088K), 8 survivors (32768K)
 Metaspace       used 143272K, committed 145664K, reserved 1179648K
  class space    used 19824K, committed 20928K, reserved 1048576K
}
Event: 56.976 GC heap after
{Heap after GC invocations=62 (full 0):
 garbage-first heap   total 466944K, used 213528K [0x0000000600000000, 0x0000000800000000)
  region size 4096K, 5 young (20480K), 5 survivors (20480K)
 Metaspace       used 143272K, committed 145664K, reserved 1179648K
  class space    used 19824K, committed 20928K, reserved 1048576K
}
Event: 59.654 GC heap before
{Heap before GC invocations=63 (full 0):
 garbage-first heap   total 466944K, used 385560K [0x0000000600000000, 0x0000000800000000)
  region size 4096K, 48 young (196608K), 5 survivors (20480K)
 Metaspace       used 144873K, committed 147264K, reserved 1179648K
  class space    used 20005K, committed 21120K, reserved 1048576K
}
Event: 59.673 GC heap after
{Heap after GC invocations=64 (full 0):
 garbage-first heap   total 466944K, used 222936K [0x0000000600000000, 0x0000000800000000)
  region size 4096K, 4 young (16384K), 4 survivors (16384K)
 Metaspace       used 144873K, committed 147264K, reserved 1179648K
  class space    used 20005K, committed 21120K, reserved 1048576K
}
Event: 60.766 GC heap before
{Heap before GC invocations=64 (full 0):
 garbage-first heap   total 466944K, used 394968K [0x0000000600000000, 0x0000000800000000)
  region size 4096K, 47 young (192512K), 4 survivors (16384K)
 Metaspace       used 145340K, committed 147776K, reserved 1179648K
  class space    used 20045K, committed 21184K, reserved 1048576K
}
Event: 60.787 GC heap after
{Heap after GC invocations=65 (full 0):
 garbage-first heap   total 466944K, used 229141K [0x0000000600000000, 0x0000000800000000)
  region size 4096K, 5 young (20480K), 5 survivors (20480K)
 Metaspace       used 145340K, committed 147776K, reserved 1179648K
  class space    used 20045K, committed 21184K, reserved 1048576K
}
Event: 63.790 GC heap before
{Heap before GC invocations=65 (full 0):
 garbage-first heap   total 466944K, used 413461K [0x0000000600000000, 0x0000000800000000)
  region size 4096K, 51 young (208896K), 5 survivors (20480K)
 Metaspace       used 149334K, committed 151808K, reserved 1179648K
  class space    used 20529K, committed 21696K, reserved 1048576K
}
Event: 63.812 GC heap after
{Heap after GC invocations=66 (full 0):
 garbage-first heap   total 471040K, used 261435K [0x0000000600000000, 0x0000000800000000)
  region size 4096K, 7 young (28672K), 7 survivors (28672K)
 Metaspace       used 149334K, committed 151808K, reserved 1179648K
  class space    used 20529K, committed 21696K, reserved 1048576K
}
Event: 587.653 GC heap before
{Heap before GC invocations=67 (full 0):
 garbage-first heap   total 471040K, used 408891K [0x0000000600000000, 0x0000000800000000)
  region size 4096K, 44 young (180224K), 7 survivors (28672K)
 Metaspace       used 155829K, committed 158336K, reserved 1245184K
  class space    used 21157K, committed 22336K, reserved 1048576K
}
Event: 587.975 GC heap after
{Heap after GC invocations=68 (full 0):
 garbage-first heap   total 471040K, used 252361K [0x0000000600000000, 0x0000000800000000)
  region size 4096K, 1 young (4096K), 1 survivors (4096K)
 Metaspace       used 155829K, committed 158336K, reserved 1245184K
  class space    used 21157K, committed 22336K, reserved 1048576K
}
Event: 947.082 GC heap before
{Heap before GC invocations=68 (full 0):
 garbage-first heap   total 471040K, used 420297K [0x0000000600000000, 0x0000000800000000)
  region size 4096K, 42 young (172032K), 1 survivors (4096K)
 Metaspace       used 156161K, committed 158656K, reserved 1245184K
  class space    used 21166K, committed 22336K, reserved 1048576K
}
Event: 947.181 GC heap after
{Heap after GC invocations=69 (full 0):
 garbage-first heap   total 471040K, used 263315K [0x0000000600000000, 0x0000000800000000)
  region size 4096K, 5 young (20480K), 5 survivors (20480K)
 Metaspace       used 156161K, committed 158656K, reserved 1245184K
  class space    used 21166K, committed 22336K, reserved 1048576K
}
Event: 951.350 GC heap before
{Heap before GC invocations=69 (full 0):
 garbage-first heap   total 471040K, used 410771K [0x0000000600000000, 0x0000000800000000)
  region size 4096K, 42 young (172032K), 5 survivors (20480K)
 Metaspace       used 156528K, committed 159040K, reserved 1245184K
  class space    used 21172K, committed 22336K, reserved 1048576K
}
Event: 951.390 GC heap after
{Heap after GC invocations=70 (full 0):
 garbage-first heap   total 471040K, used 288563K [0x0000000600000000, 0x0000000800000000)
  region size 4096K, 6 young (24576K), 6 survivors (24576K)
 Metaspace       used 156528K, committed 159040K, reserved 1245184K
  class space    used 21172K, committed 22336K, reserved 1048576K
}
Event: 1088.079 GC heap before
{Heap before GC invocations=71 (full 0):
 garbage-first heap   total 487424K, used 415539K [0x0000000600000000, 0x0000000800000000)
  region size 4096K, 37 young (151552K), 6 survivors (24576K)
 Metaspace       used 157070K, committed 159552K, reserved 1245184K
  class space    used 21233K, committed 22400K, reserved 1048576K
}
Event: 1088.578 GC heap after
{Heap after GC invocations=72 (full 0):
 garbage-first heap   total 487424K, used 299259K [0x0000000600000000, 0x0000000800000000)
  region size 4096K, 3 young (12288K), 3 survivors (12288K)
 Metaspace       used 157070K, committed 159552K, reserved 1245184K
  class space    used 21233K, committed 22400K, reserved 1048576K
}

